<?xml version="1.0" encoding="UTF-8"?>
<testng-results ignored="0" total="4" passed="4" failed="0" skipped="0">
  <reporter-output>
  </reporter-output>
  <suite started-at="2024-03-21T16:14:20 IST" name="Gradle suite" finished-at="2024-03-21T16:14:36 IST" duration-ms="16679">
    <groups>
      <group name="API Tests">
        <method signature="testCase_API_04.registration()[pri:0, instance:qtriptest.APITests.testCase_API_04@4a883b15]" name="registration" class="qtriptest.APITests.testCase_API_04"/>
      </group> <!-- API Tests -->
    </groups>
    <test started-at="2024-03-21T16:14:20 IST" name="Gradle test" finished-at="2024-03-21T16:14:36 IST" duration-ms="16679">
      <class name="qtriptest.APITests.testCase_API_01">
        <test-method signature="registration()[pri:0, instance:qtriptest.APITests.testCase_API_01@5d534f5d]" started-at="2024-03-21T16:14:20 IST" name="registration" finished-at="2024-03-21T16:14:27 IST" duration-ms="7282" status="PASS">
          <reporter-output>
          </reporter-output>
        </test-method> <!-- registration -->
      </class> <!-- qtriptest.APITests.testCase_API_01 -->
      <class name="qtriptest.APITests.testCase_API_02">
        <test-method signature="testCityListAPI()[pri:0, instance:qtriptest.APITests.testCase_API_02@52719fb6]" started-at="2024-03-21T16:14:27 IST" name="testCityListAPI" finished-at="2024-03-21T16:14:28 IST" duration-ms="1296" status="PASS">
          <reporter-output>
          </reporter-output>
        </test-method> <!-- testCityListAPI -->
      </class> <!-- qtriptest.APITests.testCase_API_02 -->
      <class name="qtriptest.APITests.testCase_API_03">
        <test-method signature="testBookingAPI()[pri:0, instance:qtriptest.APITests.testCase_API_03@3012646b]" started-at="2024-03-21T16:14:28 IST" name="testBookingAPI" finished-at="2024-03-21T16:14:34 IST" duration-ms="5721" status="PASS">
          <reporter-output>
          </reporter-output>
        </test-method> <!-- testBookingAPI -->
      </class> <!-- qtriptest.APITests.testCase_API_03 -->
      <class name="qtriptest.APITests.testCase_API_04">
        <test-method signature="registration()[pri:0, instance:qtriptest.APITests.testCase_API_04@4a883b15]" started-at="2024-03-21T16:14:34 IST" name="registration" finished-at="2024-03-21T16:14:36 IST" duration-ms="2213" status="PASS">
          <reporter-output>
          </reporter-output>
        </test-method> <!-- registration -->
      </class> <!-- qtriptest.APITests.testCase_API_04 -->
    </test> <!-- Gradle test -->
  </suite> <!-- Gradle suite -->
</testng-results>
